#
# There is insufficient memory for the Java Runtime Environment to continue.
# Native memory allocation (mmap) failed to map 65536 bytes. Error detail: Failed to commit metaspace.
# Possible reasons:
#   The system is out of physical RAM or swap space
#   This process is running with CompressedOops enabled, and the Java Heap may be blocking the growth of the native heap
# Possible solutions:
#   Reduce memory load on the system
#   Increase physical memory or swap space
#   Check if swap backing store is full
#   Decrease Java heap size (-Xmx/-Xms)
#   Decrease number of Java threads
#   Decrease Java thread stack sizes (-Xss)
#   Set larger code cache with -XX:ReservedCodeCacheSize=
#   JVM is running with Zero Based Compressed Oops mode in which the Java heap is
#     placed in the first 32GB address space. The Java Heap base address is the
#     maximum limit for the native heap growth. Please use -XX:HeapBaseMinAddress
#     to set the Java Heap base and to place the Java Heap above 32GB virtual address.
# This output file may be truncated or incomplete.
#
#  Out of Memory Error (virtualSpaceNode.cpp:113), pid=16192, tid=16664
#
# JRE version: OpenJDK Runtime Environment (21.0.5) (build 21.0.5+-13047016-b750.29)
# Java VM: OpenJDK 64-Bit Server VM (21.0.5+-13047016-b750.29, mixed mode, tiered, compressed oops, compressed class ptrs, g1 gc, windows-amd64)
# No core dump will be written. Minidumps are not enabled by default on client versions of Windows
#

---------------  S U M M A R Y ------------

Command Line: -Dapplication.home=D:\mayao\jbr --add-modules=ALL-DEFAULT -Xms8m -Djdk.module.main=jdk.jlink jdk.jlink/jdk.tools.jlink.internal.Main --version

Host: Intel(R) Core(TM) i5-7200U CPU @ 2.50GHz, 4 cores, 15G,  Windows 10 , 64 bit Build 19041 (10.0.19041.5678)
Time: Sat Apr 19 20:13:54 2025 SE Asia Standard Time elapsed time: 0.486771 seconds (0d 0h 0m 0s)

---------------  T H R E A D  ---------------

Current thread (0x000001f32638bf30):  JavaThread "main"             [_thread_in_vm, id=16664, stack(0x0000007999900000,0x0000007999a00000) (1024K)]

Stack: [0x0000007999900000,0x0000007999a00000]
Native frames: (J=compiled Java code, j=interpreted, Vv=VM code, C=native code)
V  [jvm.dll+0x6cfb29]
V  [jvm.dll+0x85df93]
V  [jvm.dll+0x8604ee]
V  [jvm.dll+0x860bd3]
V  [jvm.dll+0x27e6b6]
V  [jvm.dll+0x858e6e]
V  [jvm.dll+0x673d95]
V  [jvm.dll+0x673dfa]
V  [jvm.dll+0x676656]
V  [jvm.dll+0x676522]
V  [jvm.dll+0x67478e]
V  [jvm.dll+0x26adc0]
V  [jvm.dll+0x21593b]
V  [jvm.dll+0x20ae29]
V  [jvm.dll+0x5b1d63]
V  [jvm.dll+0x21c86b]
V  [jvm.dll+0x7d555c]
V  [jvm.dll+0x7d6602]
V  [jvm.dll+0x7d6bc4]
V  [jvm.dll+0x7d6858]
V  [jvm.dll+0x26d41b]
V  [jvm.dll+0x3d4f2e]
C  0x000001f33232a97f

The last pc belongs to new (printed below).
Java frames: (J=compiled Java code, j=interpreted, Vv=VM code)
j  java.lang.invoke.InvokerBytecodeGenerator.classFilePrologue()Ljdk/internal/org/objectweb/asm/ClassWriter;+2 java.base@21.0.5
j  java.lang.invoke.InvokerBytecodeGenerator.generateCustomizedCodeBytes()[B+1 java.base@21.0.5
j  java.lang.invoke.InvokerBytecodeGenerator.generateCustomizedCode(Ljava/lang/invoke/LambdaForm;Ljava/lang/invoke/MethodType;)Ljava/lang/invoke/MemberName;+27 java.base@21.0.5
j  java.lang.invoke.LambdaForm.compileToBytecode()V+69 java.base@21.0.5
j  java.lang.invoke.LambdaForm.prepare()V+21 java.base@21.0.5
j  java.lang.invoke.MethodHandle.<init>(Ljava/lang/invoke/MethodType;Ljava/lang/invoke/LambdaForm;)V+33 java.base@21.0.5
j  java.lang.invoke.BoundMethodHandle.<init>(Ljava/lang/invoke/MethodType;Ljava/lang/invoke/LambdaForm;)V+3 java.base@21.0.5
j  java.lang.invoke.BoundMethodHandle$Species_L.<init>(Ljava/lang/invoke/MethodType;Ljava/lang/invoke/LambdaForm;Ljava/lang/Object;)V+3 java.base@21.0.5
j  java.lang.invoke.BoundMethodHandle$Species_L.copyWith(Ljava/lang/invoke/MethodType;Ljava/lang/invoke/LambdaForm;)Ljava/lang/invoke/BoundMethodHandle;+10 java.base@21.0.5
j  java.lang.invoke.MethodHandles.dropArgumentsTrusted(Ljava/lang/invoke/MethodHandle;I[Ljava/lang/Class;)Ljava/lang/invoke/MethodHandle;+103 java.base@21.0.5
j  java.lang.invoke.MethodHandles.dropArguments(Ljava/lang/invoke/MethodHandle;I[Ljava/lang/Class;)Ljava/lang/invoke/MethodHandle;+9 java.base@21.0.5
j  jdk.internal.reflect.MethodHandleAccessorFactory.makeSpecializedTarget(Ljava/lang/invoke/MethodHandle;ZZ)Ljava/lang/invoke/MethodHandle;+86 java.base@21.0.5
j  jdk.internal.reflect.MethodHandleAccessorFactory.getDirectMethod(Ljava/lang/reflect/Method;Z)Ljava/lang/invoke/MethodHandle;+79 java.base@21.0.5
j  jdk.internal.reflect.MethodHandleAccessorFactory.newMethodAccessor(Ljava/lang/reflect/Method;Z)Ljdk/internal/reflect/MethodAccessorImpl;+41 java.base@21.0.5
j  jdk.internal.reflect.ReflectionFactory.newMethodAccessor(Ljava/lang/reflect/Method;Z)Ljdk/internal/reflect/MethodAccessor;+28 java.base@21.0.5
j  java.lang.reflect.Method.acquireMethodAccessor()Ljdk/internal/reflect/MethodAccessor;+38 java.base@21.0.5
j  java.lang.reflect.Method.invoke(Ljava/lang/Object;[Ljava/lang/Object;)Ljava/lang/Object;+75 java.base@21.0.5
j  java.lang.Class.getEnumConstantsShared()[Ljava/lang/Object;+49 java.base@21.0.5
j  java.lang.System$2.getEnumConstantsShared(Ljava/lang/Class;)[Ljava/lang/Enum;+1 java.base@21.0.5
j  java.util.EnumMap.getKeyUniverse(Ljava/lang/Class;)[Ljava/lang/Enum;+4 java.base@21.0.5
j  java.util.EnumMap.<init>(Ljava/lang/Class;)V+16 java.base@21.0.5
j  java.util.stream.StreamOpFlag.set(Ljava/util/stream/StreamOpFlag$Type;)Ljava/util/stream/StreamOpFlag$MaskBuilder;+10 java.base@21.0.5
j  java.util.stream.StreamOpFlag.<clinit>()V+11 java.base@21.0.5
v  ~StubRoutines::call_stub 0x000001f33231100d
j  java.util.stream.StreamSupport.stream(Ljava/util/Spliterator;Z)Ljava/util/stream/Stream;+11 java.base@21.0.5
j  java.util.Collection.stream()Ljava/util/stream/Stream;+7 java.base@21.0.5
j  jdk.internal.module.DefaultRoots.compute(Ljava/lang/module/ModuleFinder;Ljava/lang/module/ModuleFinder;)Ljava/util/Set;+6 java.base@21.0.5
j  jdk.internal.module.ModuleBootstrap.boot2()Ljava/lang/ModuleLayer;+727 java.base@21.0.5
j  jdk.internal.module.ModuleBootstrap.boot()Ljava/lang/ModuleLayer;+64 java.base@21.0.5
j  java.lang.System.initPhase2(ZZ)I+0 java.base@21.0.5
v  ~StubRoutines::call_stub 0x000001f33231100d
new  187 new  [0x000001f33232a800, 0x000001f33232aa08]  520 bytes
[MachCode]
  0x000001f33232a800: 4883 ec08 | c5fa 1104 | 24eb 1f48 | 83ec 10c5 | fb11 0424 | eb14 4883 | ec10 4889 | 0424 48c7 
  0x000001f33232a820: 4424 0800 | 0000 00eb | 0150 410f | b755 010f | cac1 ea10 | 488b 4de8 | 488b 4908 | 488b 4908 
  0x000001f33232a840: 488b 4108 | 807c 1004 | 070f 85d3 | 0000 0066 | 8b54 d148 | 488b 4928 | 488b 4cd1 | 0851 80b9 
  0x000001f33232a860: 4101 0000 | 040f 85b6 | 0000 008b | 5108 f6c2 | 010f 85aa | 0000 0049 | 8b87 b801 | 0000 488d 
  0x000001f33232a880: 1c10 493b | 9fc8 0100 | 000f 8792 | 0000 0049 | 899f b801 | 0000 4883 | ea10 0f84 | 0f00 0000 
  0x000001f33232a8a0: 33c9 c1ea | 0348 894c | d008 48ff | ca75 f648 | c700 0100 | 0000 5933 | f689 700c | 49ba 0000 
  0x000001f33232a8c0: 0000 0800 | 0000 492b | ca89 4808 | 49ba 4147 | 4f12 fe7f | 0000 4180 | 3a00 0f84 | 3c00 0000 
  0x000001f33232a8e0: 5048 8bc8 | 4883 ec20 | 40f6 c40f | 0f84 1900 | 0000 4883 | ec08 48b8 | 106c 0912 | fe7f 0000 
  0x000001f33232a900: ffd0 4883 | c408 e90c | 0000 0048 | b810 6c09 | 12fe 7f00 | 00ff d048 | 83c4 2058 | e9cb 0000 
  0x000001f33232a920: 0059 488b | 55e8 488b | 5208 488b | 5208 450f | b745 0141 | 0fc8 41c1 | e810 e805 | 0000 00e9 
  0x000001f33232a940: a800 0000 | 488d 4424 | 084c 896d | c049 8bcf | c5f8 7749 | 89af a803 | 0000 4989 | 8798 0300 
  0x000001f33232a960: 0048 83ec | 2040 f6c4 | 0f0f 8419 | 0000 0048 | 83ec 0848 | b8e0 4ed3 | 11fe 7f00 | 00ff d048 
  0x000001f33232a980: 83c4 08e9 | 0c00 0000 | 48b8 e04e | d311 fe7f | 0000 ffd0 | 4883 c420 | 49c7 8798 | 0300 0000 
  0x000001f33232a9a0: 0000 0049 | c787 a803 | 0000 0000 | 0000 49c7 | 87a0 0300 | 0000 0000 | 00c5 f877 | 4983 7f08 
  0x000001f33232a9c0: 000f 8405 | 0000 00e9 | 3465 feff | 498b 87f0 | 0300 0049 | c787 f003 | 0000 0000 | 0000 4c8b 
  0x000001f33232a9e0: 6dc0 4c8b | 75c8 4e8d | 74f5 00c3 | 410f b65d | 0349 83c5 | 0349 ba30 | 1152 12fe | 7f00 0041 
  0x000001f33232aa00: ff24 da0f | 1f44 0000 
[/MachCode]

---------------  P R O C E S S  ---------------

Threads class SMR info:
_java_thread_list=0x000001f341a16a60, length=9, elements={
0x000001f32638bf30, 0x000001f341a07960, 0x000001f341a085b0, 0x000001f341a0b010,
0x000001f341a0ba60, 0x000001f341a0c4b0, 0x000001f341a0cf00, 0x000001f341a0dc80,
0x000001f3460102e0
}

Java Threads: ( => current thread )
=>0x000001f32638bf30 JavaThread "main"                              [_thread_in_vm, id=16664, stack(0x0000007999900000,0x0000007999a00000) (1024K)]
  0x000001f341a07960 JavaThread "Reference Handler"          daemon [_thread_blocked, id=14844, stack(0x000000799a100000,0x000000799a200000) (1024K)]
  0x000001f341a085b0 JavaThread "Finalizer"                  daemon [_thread_blocked, id=3032, stack(0x000000799a200000,0x000000799a300000) (1024K)]
  0x000001f341a0b010 JavaThread "Signal Dispatcher"          daemon [_thread_blocked, id=5852, stack(0x000000799a300000,0x000000799a400000) (1024K)]
  0x000001f341a0ba60 JavaThread "Attach Listener"            daemon [_thread_blocked, id=11548, stack(0x000000799a400000,0x000000799a500000) (1024K)]
  0x000001f341a0c4b0 JavaThread "Service Thread"             daemon [_thread_blocked, id=17232, stack(0x000000799a500000,0x000000799a600000) (1024K)]
  0x000001f341a0cf00 JavaThread "Monitor Deflation Thread"   daemon [_thread_blocked, id=15836, stack(0x000000799a600000,0x000000799a700000) (1024K)]
  0x000001f341a0dc80 JavaThread "C2 CompilerThread0"         daemon [_thread_blocked, id=9044, stack(0x000000799a700000,0x000000799a800000) (1024K)]
  0x000001f3460102e0 JavaThread "C1 CompilerThread0"         daemon [_thread_blocked, id=1524, stack(0x000000799a800000,0x000000799a900000) (1024K)]
Total: 9

Other Threads:
  0x000001f341979910 VMThread "VM Thread"                           [id=7380, stack(0x000000799a000000,0x000000799a100000) (1024K)]
  0x000001f34194cb50 WatcherThread "VM Periodic Task Thread"        [id=4304, stack(0x0000007999f00000,0x000000799a000000) (1024K)]
  0x000001f3264f3270 WorkerThread "GC Thread#0"                     [id=12340, stack(0x0000007999a00000,0x0000007999b00000) (1024K)]
  0x000001f3265040a0 ConcurrentGCThread "G1 Main Marker"            [id=11080, stack(0x0000007999b00000,0x0000007999c00000) (1024K)]
  0x000001f326504de0 WorkerThread "G1 Conc#0"                       [id=9760, stack(0x0000007999c00000,0x0000007999d00000) (1024K)]
  0x000001f32651b1e0 ConcurrentGCThread "G1 Refine#0"               [id=12200, stack(0x0000007999d00000,0x0000007999e00000) (1024K)]
  0x000001f32651bec0 ConcurrentGCThread "G1 Service"                [id=15424, stack(0x0000007999e00000,0x0000007999f00000) (1024K)]
Total: 7

Threads with active compile tasks:
Total: 0

VM state: not at safepoint (normal execution)

VM Mutex/Monitor currently owned by a thread:  ([mutex/lock_event])
[0x00007ffe1250b160] Metaspace_lock - owner thread: 0x000001f32638bf30

Heap address: 0x0000000701a00000, size: 4070 MB, Compressed Oops mode: Zero based, Oop shift amount: 3

CDS archive(s) not mapped
Compressed class space mapped at: 0x0000000800000000-0x0000000840000000, reserved size: 1073741824
Narrow klass base: 0x0000000800000000, Narrow klass shift: 0, Narrow klass range: 0x40000000

GC Precious Log:
 CardTable entry size: 512
 Card Set container configuration: InlinePtr #cards 4 size 8 Array Of Cards #cards 16 size 48 Howl #buckets 8 coarsen threshold 3686 Howl Bitmap #cards 512 size 80 coarsen threshold 460 Card regions per heap region 1 cards per card region 4096
 CPUs: 4 total, 4 available
 Memory: 16278M
 Large Page Support: Disabled
 NUMA Support: Disabled
 Compressed Oops: Enabled (Zero based)
 Heap Region Size: 2M
 Heap Min Capacity: 8M
 Heap Initial Capacity: 8M
 Heap Max Capacity: 4070M
 Pre-touch: Disabled
 Parallel Workers: 4
 Concurrent Workers: 1
 Concurrent Refinement Workers: 4
 Periodic GC: Disabled

Heap:
 garbage-first heap   total 8192K, used 0K [0x0000000701a00000, 0x0000000800000000)
  region size 2048K, 1 young (2048K), 0 survivors (0K)
 Metaspace       used 4593K, committed 4608K, reserved 1114112K
  class space    used 371K, committed 384K, reserved 1048576K

Heap Regions: E=young(eden), S=young(survivor), O=old, HS=humongous(starts), HC=humongous(continues), CS=collection set, F=free, TAMS=top-at-mark-start, PB=parsable bottom
|   0|0x0000000701a00000, 0x0000000701a00000, 0x0000000701c00000|  0%| F|  |TAMS 0x0000000701a00000| PB 0x0000000701a00000| Untracked 
|   1|0x0000000701c00000, 0x0000000701c00000, 0x0000000701e00000|  0%| F|  |TAMS 0x0000000701c00000| PB 0x0000000701c00000| Untracked 
|   2|0x0000000701e00000, 0x0000000701e00000, 0x0000000702000000|  0%| F|  |TAMS 0x0000000701e00000| PB 0x0000000701e00000| Untracked 
|   3|0x0000000702000000, 0x0000000702099cd0, 0x0000000702200000| 30%| E|  |TAMS 0x0000000702000000| PB 0x0000000702000000| Complete 

Card table byte_map: [0x000001f33ac00000,0x000001f33b400000] _byte_map_base: 0x000001f3373f3000

Marking Bits: (CMBitMap*) 0x000001f3264f3970
 Bits: [0x000001f33b400000, 0x000001f33f398000)

Polling page: 0x000001f326350000

Metaspace:

Usage:
  Non-class:      4.12 MB used.
      Class:    371.29 KB used.
       Both:      4.49 MB used.

Virtual space:
  Non-class space:       64.00 MB reserved,       4.12 MB (  6%) committed,  1 nodes.
      Class space:        1.00 GB reserved,     384.00 KB ( <1%) committed,  1 nodes.
             Both:        1.06 GB reserved,       4.50 MB ( <1%) committed. 

Chunk freelists:
   Non-Class:  11.00 MB
       Class:  15.62 MB
        Both:  26.62 MB

MaxMetaspaceSize: unlimited
CompressedClassSpaceSize: 1.00 GB
Initial GC threshold: 21.00 MB
Current GC threshold: 21.00 MB
CDS: off
 - commit_granule_bytes: 65536.
 - commit_granule_words: 8192.
 - virtual_space_node_default_size: 8388608.
 - enlarge_chunks_in_place: 1.
 - use_allocation_guard: 0.


Internal statistics:

num_allocs_failed_limit: 0.
num_arena_births: 2.
num_arena_deaths: 0.
num_vsnodes_births: 2.
num_vsnodes_deaths: 0.
num_space_committed: 72.
num_space_uncommitted: 0.
num_chunks_returned_to_freelist: 0.
num_chunks_taken_from_freelist: 5.
num_chunk_merges: 0.
num_chunk_splits: 3.
num_chunks_enlarged: 0.
num_inconsistent_stats: 0.

CodeHeap 'non-profiled nmethods': size=120000Kb used=13Kb max_used=13Kb free=119986Kb
 bounds [0x000001f3328b0000, 0x000001f332b20000, 0x000001f339de0000]
CodeHeap 'profiled nmethods': size=120000Kb used=60Kb max_used=60Kb free=119939Kb
 bounds [0x000001f32ade0000, 0x000001f32b050000, 0x000001f332310000]
CodeHeap 'non-nmethods': size=5760Kb used=1187Kb max_used=1187Kb free=4572Kb
 bounds [0x000001f332310000, 0x000001f332580000, 0x000001f3328b0000]
 total_blobs=385 nmethods=49 adapters=241
 compilation: enabled
              stopped_count=0, restarted_count=0
 full_count=0

Compilation events (20 events):
Event: 0.422 Thread 0x000001f3460102e0   33       3       jdk.internal.util.Preconditions::checkIndex (18 bytes)
Event: 0.422 Thread 0x000001f3460102e0 nmethod 33 0x000001f32ade9490 code [0x000001f32ade9640, 0x000001f32ade97d0]
Event: 0.422 Thread 0x000001f3460102e0   30       3       java.lang.String::charAt (25 bytes)
Event: 0.423 Thread 0x000001f3460102e0 nmethod 30 0x000001f32ade9890 code [0x000001f32ade9a80, 0x000001f32ade9fc8]
Event: 0.423 Thread 0x000001f3460102e0   31       3       java.lang.StringLatin1::charAt (15 bytes)
Event: 0.423 Thread 0x000001f3460102e0 nmethod 31 0x000001f32adea290 code [0x000001f32adea440, 0x000001f32adea608]
Event: 0.423 Thread 0x000001f3460102e0   34       1       java.lang.module.ModuleReference::descriptor (5 bytes)
Event: 0.423 Thread 0x000001f3460102e0 nmethod 34 0x000001f3328b1510 code [0x000001f3328b16a0, 0x000001f3328b1770]
Event: 0.435 Thread 0x000001f3460102e0   37       3       java.util.concurrent.ConcurrentHashMap::tabAt (22 bytes)
Event: 0.435 Thread 0x000001f3460102e0 nmethod 37 0x000001f32adea710 code [0x000001f32adea8c0, 0x000001f32adeabb0]
Event: 0.435 Thread 0x000001f3460102e0   38       3       java.util.concurrent.ConcurrentHashMap::spread (10 bytes)
Event: 0.435 Thread 0x000001f3460102e0 nmethod 38 0x000001f32adeac90 code [0x000001f32adeae20, 0x000001f32adeaf18]
Event: 0.435 Thread 0x000001f3460102e0   39       3       java.util.concurrent.ConcurrentHashMap::addCount (280 bytes)
Event: 0.436 Thread 0x000001f3460102e0 nmethod 39 0x000001f32adeaf90 code [0x000001f32adeb1e0, 0x000001f32adebac8]
Event: 0.436 Thread 0x000001f3460102e0   42       3       java.util.ImmutableCollections$SetN$SetNIterator::next (90 bytes)
Event: 0.437 Thread 0x000001f3460102e0 nmethod 42 0x000001f32adebd90 code [0x000001f32adebf60, 0x000001f32adec260]
Event: 0.437 Thread 0x000001f3460102e0   40   !   3       java.util.concurrent.ConcurrentHashMap::putVal (432 bytes)
Event: 0.439 Thread 0x000001f3460102e0 nmethod 40 0x000001f32adec410 code [0x000001f32adec7a0, 0x000001f32adee258]
Event: 0.439 Thread 0x000001f3460102e0   41       3       java.util.concurrent.ConcurrentHashMap$Node::<init> (20 bytes)
Event: 0.439 Thread 0x000001f3460102e0 nmethod 41 0x000001f32adeec10 code [0x000001f32adeedc0, 0x000001f32adeeff8]

GC Heap History (0 events):
No events

Dll operation events (2 events):
Event: 0.087 Loaded shared library D:\mayao\jbr\bin\java.dll
Event: 0.125 Loaded shared library D:\mayao\jbr\bin\zip.dll

Deoptimization events (0 events):
No events

Classes loaded (20 events):
Event: 0.458 Loading class java/lang/invoke/DirectMethodHandle$2 done
Event: 0.458 Loading class java/lang/invoke/DelegatingMethodHandle
Event: 0.458 Loading class java/lang/invoke/DelegatingMethodHandle done
Event: 0.459 Loading class java/lang/invoke/DelegatingMethodHandle$Holder
Event: 0.459 Loading class java/lang/invoke/DelegatingMethodHandle$Holder done
Event: 0.459 Loading class java/lang/invoke/VarHandle$AccessMode
Event: 0.460 Loading class java/lang/invoke/VarHandle$AccessMode done
Event: 0.460 Loading class java/lang/invoke/VarHandle$AccessType
Event: 0.460 Loading class java/lang/invoke/VarHandle$AccessType done
Event: 0.460 Loading class java/lang/invoke/Invokers$Holder
Event: 0.461 Loading class java/lang/invoke/Invokers$Holder done
Event: 0.461 Loading class java/lang/invoke/LambdaFormEditor
Event: 0.462 Loading class java/lang/invoke/LambdaFormEditor done
Event: 0.462 Loading class java/lang/invoke/LambdaFormEditor$TransformKey
Event: 0.462 Loading class java/lang/invoke/LambdaFormEditor$TransformKey done
Event: 0.463 Loading class java/lang/invoke/LambdaFormBuffer
Event: 0.463 Loading class java/lang/invoke/LambdaFormBuffer done
Event: 0.463 Loading class java/lang/invoke/LambdaFormEditor$Transform
Event: 0.463 Loading class java/lang/invoke/LambdaFormEditor$Transform done
Event: 0.463 Loading class jdk/internal/org/objectweb/asm/ClassWriter

Classes unloaded (0 events):
No events

Classes redefined (0 events):
No events

Internal exceptions (0 events):
No events

ZGC Phase Switch (0 events):
No events

VM Operations (0 events):
No events

Memory protections (0 events):
No events

Nmethod flushes (0 events):
No events

Events (9 events):
Event: 0.107 Thread 0x000001f32638bf30 Thread added: 0x000001f32638bf30
Event: 0.367 Thread 0x000001f32638bf30 Thread added: 0x000001f341a07960
Event: 0.367 Thread 0x000001f32638bf30 Thread added: 0x000001f341a085b0
Event: 0.369 Thread 0x000001f32638bf30 Thread added: 0x000001f341a0b010
Event: 0.369 Thread 0x000001f32638bf30 Thread added: 0x000001f341a0ba60
Event: 0.370 Thread 0x000001f32638bf30 Thread added: 0x000001f341a0c4b0
Event: 0.370 Thread 0x000001f32638bf30 Thread added: 0x000001f341a0cf00
Event: 0.370 Thread 0x000001f32638bf30 Thread added: 0x000001f341a0dc80
Event: 0.375 Thread 0x000001f32638bf30 Thread added: 0x000001f3460102e0


Dynamic libraries:
0x00007ff7726c0000 - 0x00007ff7726c8000 	D:\mayao\jbr\bin\jlink.exe
0x00007ffe852b0000 - 0x00007ffe854a8000 	C:\Windows\SYSTEM32\ntdll.dll
0x00007ffe73570000 - 0x00007ffe7358a000 	C:\Program Files\Avast Software\Avast\aswhook.dll
0x00007ffe84650000 - 0x00007ffe84712000 	C:\Windows\System32\KERNEL32.DLL
0x00007ffe82c00000 - 0x00007ffe82ef6000 	C:\Windows\System32\KERNELBASE.dll
0x00007ffe82ab0000 - 0x00007ffe82bb0000 	C:\Windows\System32\ucrtbase.dll
0x00007ffe732b0000 - 0x00007ffe732c8000 	D:\mayao\jbr\bin\jli.dll
0x00007ffe84800000 - 0x00007ffe8499d000 	C:\Windows\System32\USER32.dll
0x00007ffe82a80000 - 0x00007ffe82aa2000 	C:\Windows\System32\win32u.dll
0x00007ffe83dc0000 - 0x00007ffe83deb000 	C:\Windows\System32\GDI32.dll
0x00007ffe82f00000 - 0x00007ffe8301a000 	C:\Windows\System32\gdi32full.dll
0x00007ffe830a0000 - 0x00007ffe8313d000 	C:\Windows\System32\msvcp_win.dll
0x00007ffe7eb30000 - 0x00007ffe7eb4b000 	D:\mayao\jbr\bin\VCRUNTIME140.dll
0x00007ffe720d0000 - 0x00007ffe7236a000 	C:\Windows\WinSxS\amd64_microsoft.windows.common-controls_6595b64144ccf1df_6.0.19041.4355_none_60b8b9eb71f62e16\COMCTL32.dll
0x00007ffe851d0000 - 0x00007ffe8526e000 	C:\Windows\System32\msvcrt.dll
0x00007ffe84340000 - 0x00007ffe8436f000 	C:\Windows\System32\IMM32.DLL
0x00007ffe7f200000 - 0x00007ffe7f20c000 	D:\mayao\jbr\bin\vcruntime140_1.dll
0x00007ffe72ef0000 - 0x00007ffe72f7d000 	D:\mayao\jbr\bin\msvcp140.dll
0x00007ffe11960000 - 0x00007ffe125ea000 	D:\mayao\jbr\bin\server\jvm.dll
0x00007ffe84370000 - 0x00007ffe8441f000 	C:\Windows\System32\ADVAPI32.dll
0x00007ffe849a0000 - 0x00007ffe84a3f000 	C:\Windows\System32\sechost.dll
0x00007ffe84b70000 - 0x00007ffe84c93000 	C:\Windows\System32\RPCRT4.dll
0x00007ffe83140000 - 0x00007ffe83167000 	C:\Windows\System32\bcrypt.dll
0x00007ffe84730000 - 0x00007ffe8479b000 	C:\Windows\System32\WS2_32.dll
0x00007ffe81ec0000 - 0x00007ffe81f0b000 	C:\Windows\SYSTEM32\POWRPROF.dll
0x00007ffe71ef0000 - 0x00007ffe71f17000 	C:\Windows\SYSTEM32\WINMM.dll
0x00007ffe7c7f0000 - 0x00007ffe7c7fa000 	C:\Windows\SYSTEM32\VERSION.dll
0x00007ffe81d40000 - 0x00007ffe81d52000 	C:\Windows\SYSTEM32\UMPDC.dll
0x00007ffe809a0000 - 0x00007ffe809b2000 	C:\Windows\SYSTEM32\kernel.appcore.dll
0x00007ffe7e8d0000 - 0x00007ffe7e8da000 	D:\mayao\jbr\bin\jimage.dll
0x00007ffe80510000 - 0x00007ffe806f4000 	C:\Windows\SYSTEM32\DBGHELP.DLL
0x00007ffe79490000 - 0x00007ffe794c4000 	C:\Windows\SYSTEM32\dbgcore.DLL
0x00007ffe829f0000 - 0x00007ffe82a72000 	C:\Windows\System32\bcryptPrimitives.dll
0x00007ffe7cb30000 - 0x00007ffe7cb50000 	D:\mayao\jbr\bin\java.dll
0x00007ffe7cb10000 - 0x00007ffe7cb28000 	D:\mayao\jbr\bin\zip.dll
0x00007ffe83650000 - 0x00007ffe83dbf000 	C:\Windows\System32\SHELL32.dll
0x00007ffe809c0000 - 0x00007ffe81163000 	C:\Windows\SYSTEM32\windows.storage.dll
0x00007ffe832f0000 - 0x00007ffe83645000 	C:\Windows\System32\combase.dll
0x00007ffe82370000 - 0x00007ffe8239b000 	C:\Windows\SYSTEM32\Wldp.dll
0x00007ffe83df0000 - 0x00007ffe83ebd000 	C:\Windows\System32\OLEAUT32.dll
0x00007ffe84db0000 - 0x00007ffe84e5d000 	C:\Windows\System32\SHCORE.dll
0x00007ffe847a0000 - 0x00007ffe847f5000 	C:\Windows\System32\shlwapi.dll
0x00007ffe82870000 - 0x00007ffe82895000 	C:\Windows\SYSTEM32\profapi.dll

dbghelp: loaded successfully - version: 4.0.5 - missing functions: none
symbol engine: initialized successfully - sym options: 0x614 - pdb path: .;D:\mayao\jbr\bin;C:\Windows\SYSTEM32;C:\Program Files\Avast Software\Avast;C:\Windows\WinSxS\amd64_microsoft.windows.common-controls_6595b64144ccf1df_6.0.19041.4355_none_60b8b9eb71f62e16;D:\mayao\jbr\bin\server

VM Arguments:
jvm_args: -Dapplication.home=D:\mayao\jbr --add-modules=ALL-DEFAULT -Xms8m -Djdk.module.main=jdk.jlink 
java_command: jdk.jlink/jdk.tools.jlink.internal.Main --version
java_class_path (initial): <not set>
Launcher Type: SUN_STANDARD

[Global flags]
     intx CICompilerCount                          = 3                                         {product} {ergonomic}
     uint ConcGCThreads                            = 1                                         {product} {ergonomic}
     uint G1ConcRefinementThreads                  = 4                                         {product} {ergonomic}
   size_t G1HeapRegionSize                         = 2097152                                   {product} {ergonomic}
    uintx GCDrainStackTargetSize                   = 64                                        {product} {ergonomic}
   size_t InitialHeapSize                          = 8388608                                   {product} {command line}
   size_t MarkStackSize                            = 4194304                                   {product} {ergonomic}
   size_t MaxHeapSize                              = 4267704320                                {product} {ergonomic}
   size_t MaxNewSize                               = 2560622592                                {product} {ergonomic}
   size_t MinHeapDeltaBytes                        = 2097152                                   {product} {ergonomic}
   size_t MinHeapSize                              = 8388608                                   {product} {command line}
    uintx NonNMethodCodeHeapSize                   = 5832780                                {pd product} {ergonomic}
    uintx NonProfiledCodeHeapSize                  = 122912730                              {pd product} {ergonomic}
    uintx ProfiledCodeHeapSize                     = 122912730                              {pd product} {ergonomic}
    uintx ReservedCodeCacheSize                    = 251658240                              {pd product} {ergonomic}
     bool SegmentedCodeCache                       = true                                      {product} {ergonomic}
   size_t SoftMaxHeapSize                          = 4267704320                             {manageable} {ergonomic}
     bool UseCompressedOops                        = true                           {product lp64_product} {ergonomic}
     bool UseG1GC                                  = true                                      {product} {ergonomic}
     bool UseLargePagesIndividualAllocation        = false                                  {pd product} {ergonomic}

Logging:
Log output configuration:
 #0: stdout all=warning uptime,level,tags foldmultilines=false
 #1: stderr all=off uptime,level,tags foldmultilines=false

Environment Variables:
PATH=C:\Windows\system32;C:\Windows;C:\Windows\System32\Wbem;C:\Windows\System32\WindowsPowerShell\v1.0\;C:\Windows\System32\OpenSSH\;C:\Program Files\Git\cmd;C:\Program Files\Microsoft SQL Server\150\Tools\Binn\;C:\Program Files\Microsoft SQL Server\Client SDK\ODBC\170\Tools\Binn\;C:\Program Files\dotnet\;C:\Program Files (x86)\Windows Kits\10\Windows Performance Toolkit\;C:\Program Files (x86)\Microsoft SQL Server\160\Tools\Binn\;C:\Program Files\Microsoft SQL Server\160\Tools\Binn\;C:\Program Files\Microsoft SQL Server\160\DTS\Binn\;C:\Program Files (x86)\Microsoft SQL Server\160\DTS\Binn\;C:\Users\Admin\AppData\Local\Microsoft\WindowsApps;C:\Users\Admin\.dotnet\tools;C:\Users\Admin\AppData\Local\Programs\Microsoft VS Code\bin
USERNAME=Admin
OS=Windows_NT
PROCESSOR_IDENTIFIER=Intel64 Family 6 Model 142 Stepping 9, GenuineIntel
TMP=C:\Users\Admin\AppData\Local\Temp
TEMP=C:\Users\Admin\AppData\Local\Temp




Periodic native trim disabled

JNI global refs:
JNI global refs: 4, weak refs: 0

JNI global refs memory usage: 835, weak refs: 201

Process memory usage:
Resident Set Size: 29532K (0% of 16669192K total physical memory with 2111188K free physical memory)

OOME stack traces (most recent first):
Classloader memory used:
Loader bootstrap                                                                       : 4593K

---------------  S Y S T E M  ---------------

OS:
 Windows 10 , 64 bit Build 19041 (10.0.19041.5678)
OS uptime: 0 days 6:54 hours

CPU: total 4 (initial active 4) (2 cores per cpu, 2 threads per core) family 6 model 142 stepping 9 microcode 0xf0, cx8, cmov, fxsr, ht, mmx, 3dnowpref, sse, sse2, sse3, ssse3, sse4.1, sse4.2, popcnt, lzcnt, tsc, tscinvbit, avx, avx2, aes, erms, clmul, bmi1, bmi2, adx, fma, vzeroupper, clflush, clflushopt, rdtscp, f16c
Processor Information for all 4 processors :
  Max Mhz: 2712, Current Mhz: 2511, Mhz Limit: 2495

Memory: 4k page, system-wide physical 16278M (2061M free)
TotalPageFile size 21094M (AvailPageFile size 16M)
current process WorkingSet (physical memory assigned to process): 28M, peak: 28M
current process commit charge ("private bytes"): 69M, peak: 70M

vm_info: OpenJDK 64-Bit Server VM (21.0.5+-13047016-b750.29) for windows-amd64 JRE (21.0.5+-13047016-b750.29), built on 2025-02-11T21:12:39Z by "builder" with MS VC++ 16.10 / 16.11 (VS2019)

END.
