#
# There is insufficient memory for the Java Runtime Environment to continue.
# Native memory allocation (mmap) failed to map 268435456 bytes. Error detail: G1 virtual space
# Possible reasons:
#   The system is out of physical RAM or swap space
#   This process is running with CompressedOops enabled, and the Java Heap may be blocking the growth of the native heap
# Possible solutions:
#   Reduce memory load on the system
#   Increase physical memory or swap space
#   Check if swap backing store is full
#   Decrease Java heap size (-Xmx/-Xms)
#   Decrease number of Java threads
#   Decrease Java thread stack sizes (-Xss)
#   Set larger code cache with -XX:ReservedCodeCacheSize=
#   JVM is running with Unscaled Compressed Oops mode in which the Java heap is
#     placed in the first 4GB address space. The Java Heap base address is the
#     maximum limit for the native heap growth. Please use -XX:HeapBaseMinAddress
#     to set the Java Heap base and to place the Java Heap above 4GB virtual address.
# This output file may be truncated or incomplete.
#
#  Out of Memory Error (os_windows.cpp:3828), pid=2508, tid=13340
#
# JRE version:  (21.0.5) (build )
# Java VM: OpenJDK 64-Bit Server VM (21.0.5+-13047016-b750.29, mixed mode, sharing, tiered, compressed oops, compressed class ptrs, g1 gc, windows-amd64)
# No core dump will be written. Minidumps are not enabled by default on client versions of Windows
#

---------------  S U M M A R Y ------------

Command Line: -Djava.awt.headless=true -Djava.library.path=D:\mayao\jbr\bin;C:\Windows\Sun\Java\bin;C:\Windows\system32;C:\Windows;C:\Windows\system32;C:\Windows;C:\Windows\System32\Wbem;C:\Windows\System32\WindowsPowerShell\v1.0\;C:\Windows\System32\OpenSSH\;C:\Program Files\Git\cmd;C:\Program Files\Microsoft SQL Server\150\Tools\Binn\;C:\Program Files\Microsoft SQL Server\Client SDK\ODBC\170\Tools\Binn\;C:\Program Files\dotnet\;C:\Program Files (x86)\Windows Kits\10\Windows Performance Toolkit\;C:\Program Files (x86)\Microsoft SQL Server\160\Tools\Binn\;C:\Program Files\Microsoft SQL Server\160\Tools\Binn\;C:\Program Files\Microsoft SQL Server\160\DTS\Binn\;C:\Program Files (x86)\Microsoft SQL Server\160\DTS\Binn\;C:\Users\Admin\AppData\Local\Microsoft\WindowsApps;C:\Users\Admin\.dotnet\tools;C:\Users\Admin\AppData\Local\Programs\Microsoft VS Code\bin;.;D:\Android\FoodApp\app\src\testDebug\jniLibs;D:\Android\FoodApp\app\src\test\jniLibs -Dorg.gradle.internal.worker.tmpdir=D:\Android\FoodApp\app\build\tmp\testDebugUnitTest\work --add-opens=java.base/java.io=ALL-UNNAMED -Xmx512m -Dfile.encoding=UTF-8 -Duser.country=US -Duser.language=en -Duser.variant -ea worker.org.gradle.process.internal.worker.GradleWorkerMain 'Gradle Test Executor 1'

Host: Intel(R) Core(TM) i5-7200U CPU @ 2.50GHz, 4 cores, 15G,  Windows 10 , 64 bit Build 19041 (10.0.19041.5678)
Time: Wed Apr 16 23:17:33 2025 SE Asia Standard Time elapsed time: 0.045670 seconds (0d 0h 0m 0s)

---------------  T H R E A D  ---------------

Current thread (0x000001674c476640):  JavaThread "Unknown thread" [_thread_in_vm, id=13340, stack(0x0000005510400000,0x0000005510500000) (1024K)]

Stack: [0x0000005510400000,0x0000005510500000]
Native frames: (J=compiled Java code, j=interpreted, Vv=VM code, C=native code)
V  [jvm.dll+0x6cfb29]
V  [jvm.dll+0x85df93]
V  [jvm.dll+0x8604ee]
V  [jvm.dll+0x860bd3]
V  [jvm.dll+0x27e6b6]
V  [jvm.dll+0x6cc385]
V  [jvm.dll+0x6c078a]
V  [jvm.dll+0x35525b]
V  [jvm.dll+0x35ceb6]
V  [jvm.dll+0x3aedd6]
V  [jvm.dll+0x3af0a8]
V  [jvm.dll+0x32792c]
V  [jvm.dll+0x32861b]
V  [jvm.dll+0x8259d9]
V  [jvm.dll+0x3bbfa8]
V  [jvm.dll+0x80ec88]
V  [jvm.dll+0x45015e]
V  [jvm.dll+0x4518c1]
C  [jli.dll+0x52ab]
C  [ucrtbase.dll+0x21bb2]
C  [KERNEL32.DLL+0x17374]
C  [ntdll.dll+0x4cc91]


---------------  P R O C E S S  ---------------

Threads class SMR info:
_java_thread_list=0x00007ff97aac0808, length=0, elements={
}

Java Threads: ( => current thread )
Total: 0

Other Threads:
  0x000001674c4a0e20 WorkerThread "GC Thread#0"                     [id=9320, stack(0x0000005510500000,0x0000005510600000) (1024K)]
  0x000001674c4a5d10 ConcurrentGCThread "G1 Main Marker"            [id=13160, stack(0x0000005510600000,0x0000005510700000) (1024K)]
  0x000001674c4a6960 WorkerThread "G1 Conc#0"                       [id=9080, stack(0x0000005510700000,0x0000005510800000) (1024K)]

[error occurred during error reporting (printing all threads), id 0xc0000005, EXCEPTION_ACCESS_VIOLATION (0xc0000005) at pc=0x00007ff97a2ba967]
VM state: not at safepoint (not fully initialized)

VM Mutex/Monitor currently owned by a thread:  ([mutex/lock_event])
[0x00007ff97ab2d460] Heap_lock - owner thread: 0x000001674c476640

Heap address: 0x00000000e0000000, size: 512 MB, Compressed Oops mode: 32-bit

CDS archive(s) mapped at: [0x0000000000000000-0x0000000000000000-0x0000000000000000), size 0, SharedBaseAddress: 0x0000000800000000, ArchiveRelocationMode: 1.
Narrow klass base: 0x0000000000000000, Narrow klass shift: 0, Narrow klass range: 0x0

GC Precious Log:
 CardTable entry size: 512
 Card Set container configuration: InlinePtr #cards 5 size 8 Array Of Cards #cards 12 size 40 Howl #buckets 4 coarsen threshold 1843 Howl Bitmap #cards 512 size 80 coarsen threshold 460 Card regions per heap region 1 cards per card region 2048

Heap:
 garbage-first heap   total 0K, used 0K [0x00000000e0000000, 0x0000000100000000)
  region size 1024K, 0 young (0K), 0 survivors (0K)
 Metaspace       used 0K, committed 0K, reserved 0K
  class space    used 0K, committed 0K, reserved 0K

Heap Regions: E=young(eden), S=young(survivor), O=old, HS=humongous(starts), HC=humongous(continues), CS=collection set, F=free, TAMS=top-at-mark-start, PB=parsable bottom

Card table byte_map: [0x000001675e5c0000,0x000001675e6c0000] _byte_map_base: 0x000001675dec0000

Marking Bits: (CMBitMap*) 0x000001674c4a1430
 Bits: [0x000001675e6c0000, 0x000001675eec0000)

GC Heap History (0 events):
No events

Dll operation events (1 events):
Event: 0.014 Loaded shared library D:\mayao\jbr\bin\java.dll

Deoptimization events (0 events):
No events

Classes loaded (0 events):
No events

Classes unloaded (0 events):
No events

Classes redefined (0 events):
No events

Internal exceptions (0 events):
No events

ZGC Phase Switch (0 events):
No events

VM Operations (0 events):
No events

Memory protections (0 events):
No events

Nmethod flushes (0 events):
No events

Events (0 events):
No events


Dynamic libraries:
0x00007ff7823c0000 - 0x00007ff7823ca000 	D:\mayao\jbr\bin\java.exe
0x00007ffa125d0000 - 0x00007ffa127c8000 	C:\Windows\SYSTEM32\ntdll.dll
0x00007ffa0c5c0000 - 0x00007ffa0c5da000 	C:\Program Files\Avast Software\Avast\aswhook.dll
0x00007ffa107e0000 - 0x00007ffa108a2000 	C:\Windows\System32\KERNEL32.DLL
0x00007ffa101d0000 - 0x00007ffa104c6000 	C:\Windows\System32\KERNELBASE.dll
0x00007ffa0fe10000 - 0x00007ffa0ff10000 	C:\Windows\System32\ucrtbase.dll
0x00007ff9e6d10000 - 0x00007ff9e6d28000 	D:\mayao\jbr\bin\jli.dll
0x00007ffa123f0000 - 0x00007ffa1258d000 	C:\Windows\System32\USER32.dll
0x00007ffa101a0000 - 0x00007ffa101c2000 	C:\Windows\System32\win32u.dll
0x00007ffa00520000 - 0x00007ffa0053b000 	D:\mayao\jbr\bin\VCRUNTIME140.dll
0x00007ffa108b0000 - 0x00007ffa108db000 	C:\Windows\System32\GDI32.dll
0x00007ffa104d0000 - 0x00007ffa105ea000 	C:\Windows\System32\gdi32full.dll
0x00007ffa0ff10000 - 0x00007ffa0ffad000 	C:\Windows\System32\msvcp_win.dll
0x00007ff9ff650000 - 0x00007ff9ff8ea000 	C:\Windows\WinSxS\amd64_microsoft.windows.common-controls_6595b64144ccf1df_6.0.19041.4355_none_60b8b9eb71f62e16\COMCTL32.dll
0x00007ffa10690000 - 0x00007ffa1072e000 	C:\Windows\System32\msvcrt.dll
0x00007ffa11610000 - 0x00007ffa1163f000 	C:\Windows\System32\IMM32.DLL
0x00007ffa0a180000 - 0x00007ffa0a18c000 	D:\mayao\jbr\bin\vcruntime140_1.dll
0x00007ff9cb1a0000 - 0x00007ff9cb22d000 	D:\mayao\jbr\bin\msvcp140.dll
0x00007ff979f80000 - 0x00007ff97ac0a000 	D:\mayao\jbr\bin\server\jvm.dll
0x00007ffa10e70000 - 0x00007ffa10f1f000 	C:\Windows\System32\ADVAPI32.dll
0x00007ffa105f0000 - 0x00007ffa1068f000 	C:\Windows\System32\sechost.dll
0x00007ffa10a10000 - 0x00007ffa10b33000 	C:\Windows\System32\RPCRT4.dll
0x00007ffa0ffb0000 - 0x00007ffa0ffd7000 	C:\Windows\System32\bcrypt.dll
0x00007ffa10df0000 - 0x00007ffa10e5b000 	C:\Windows\System32\WS2_32.dll
0x00007ffa0f1f0000 - 0x00007ffa0f23b000 	C:\Windows\SYSTEM32\POWRPROF.dll
0x00007ff9ff3b0000 - 0x00007ff9ff3d7000 	C:\Windows\SYSTEM32\WINMM.dll
0x00007ffa09110000 - 0x00007ffa0911a000 	C:\Windows\SYSTEM32\VERSION.dll
0x00007ffa0f060000 - 0x00007ffa0f072000 	C:\Windows\SYSTEM32\UMPDC.dll
0x00007ffa0e470000 - 0x00007ffa0e482000 	C:\Windows\SYSTEM32\kernel.appcore.dll
0x00007ffa0a140000 - 0x00007ffa0a14a000 	D:\mayao\jbr\bin\jimage.dll
0x00007ffa0d870000 - 0x00007ffa0da54000 	C:\Windows\SYSTEM32\DBGHELP.DLL
0x00007ffa070e0000 - 0x00007ffa07114000 	C:\Windows\SYSTEM32\dbgcore.DLL
0x00007ffa10110000 - 0x00007ffa10192000 	C:\Windows\System32\bcryptPrimitives.dll
0x00007ffa001b0000 - 0x00007ffa001d0000 	D:\mayao\jbr\bin\java.dll

dbghelp: loaded successfully - version: 4.0.5 - missing functions: none
symbol engine: initialized successfully - sym options: 0x614 - pdb path: .;D:\mayao\jbr\bin;C:\Windows\SYSTEM32;C:\Program Files\Avast Software\Avast;C:\Windows\WinSxS\amd64_microsoft.windows.common-controls_6595b64144ccf1df_6.0.19041.4355_none_60b8b9eb71f62e16;D:\mayao\jbr\bin\server

VM Arguments:
jvm_args: -Djava.awt.headless=true -Djava.library.path=D:\mayao\jbr\bin;C:\Windows\Sun\Java\bin;C:\Windows\system32;C:\Windows;C:\Windows\system32;C:\Windows;C:\Windows\System32\Wbem;C:\Windows\System32\WindowsPowerShell\v1.0\;C:\Windows\System32\OpenSSH\;C:\Program Files\Git\cmd;C:\Program Files\Microsoft SQL Server\150\Tools\Binn\;C:\Program Files\Microsoft SQL Server\Client SDK\ODBC\170\Tools\Binn\;C:\Program Files\dotnet\;C:\Program Files (x86)\Windows Kits\10\Windows Performance Toolkit\;C:\Program Files (x86)\Microsoft SQL Server\160\Tools\Binn\;C:\Program Files\Microsoft SQL Server\160\Tools\Binn\;C:\Program Files\Microsoft SQL Server\160\DTS\Binn\;C:\Program Files (x86)\Microsoft SQL Server\160\DTS\Binn\;C:\Users\Admin\AppData\Local\Microsoft\WindowsApps;C:\Users\Admin\.dotnet\tools;C:\Users\Admin\AppData\Local\Programs\Microsoft VS Code\bin;.;D:\Android\FoodApp\app\src\testDebug\jniLibs;D:\Android\FoodApp\app\src\test\jniLibs -Dorg.gradle.internal.worker.tmpdir=D:\Android\FoodApp\app\build\tmp\testDebugUnitTest\work --add-opens=java.base/java.io=ALL-UNNAMED -Xmx512m -Dfile.encoding=UTF-8 -Duser.country=US -Duser.language=en -Duser.variant -ea 
java_command: worker.org.gradle.process.internal.worker.GradleWorkerMain 'Gradle Test Executor 1'
java_class_path (initial): C:\\Users\\Admin\\.gradle\\caches\\8.11.1\\workerMain\\gradle-worker.jar;D:\\Android\\FoodApp\\app\\build\\tmp\\kotlin-classes\\debugUnitTest;D:\\Android\\FoodApp\\app\\build\\intermediates\\java_res\\debugUnitTest\\processDebugUnitTestJavaRes\\out;D:\\Android\\FoodApp\\app\\build\\intermediates\\runtime_app_classes_jar\\debug\\bundleDebugClassesToRuntimeJar\\classes.jar;C:\\Users\\Admin\\.gradle\\caches\\modules-2\\files-2.1\\junit\\junit\\4.13.2\\8ac9e16d933b6fb43bc7f576336b8f4d7eb5ba12\\junit-4.13.2.jar;C:\\Users\\Admin\\.gradle\\caches\\8.11.1\\transforms\\bc6bdf0e893a3a82f10bceadc5b685d2\\transformed\\material-1.12.0-runtime.jar;C:\\Users\\Admin\\.gradle\\caches\\8.11.1\\transforms\\a0d0ded77915eeac799ad5a880e762b0\\transformed\\constraintlayout-2.2.1-runtime.jar;C:\\Users\\Admin\\.gradle\\caches\\8.11.1\\transforms\\52856fd53e653a46bb3350498cb92b4d\\transformed\\appcompat-resources-1.7.0-runtime.jar;C:\\Users\\Admin\\.gradle\\caches\\8.11.1\\transforms\\85f92c78778cb6627ce69e9830e27d83\\transformed\\appcompat-1.7.0-runtime.jar;C:\\Users\\Admin\\.gradle\\caches\\8.11.1\\transforms\\d9d63430633dc0f5b87d91504f4d569b\\transformed\\firebase-auth-23.2.0-runtime.jar;C:\\Users\\Admin\\.gradle\\caches\\8.11.1\\transforms\\1167ac52ce9a35318c013fb8bf0b62de\\transformed\\viewpager2-1.0.0-runtime.jar;C:\\Users\\Admin\\.gradle\\caches\\8.11.1\\transforms\\c7711d770bdb135a187e5c0f257ff166\\transformed\\firebase-messaging-24.1.1-runtime.jar;C:\\Users\\Admin\\.gradle\\caches\\8.11.1\\transforms\\475670d222648fc00970f902f5e1897c\\transformed\\firebase-analytics-22.4.0-runtime.jar;C:\\Users\\Admin\\.gradle\\caches\\8.11.1\\transforms\\a49ab87a845b025883cb573376b54ccb\\transformed\\play-services-measurement-22.4.0-runtime.jar;C:\\Users\\Admin\\.gradle\\caches\\8.11.1\\transforms\\e8e63c2ba7f0bf72840c948c6a815686\\transformed\\play-services-measurement-api-22.4.0-runtime.jar;C:\\Users\\Admin\\.gradle\\caches\\8.11.1\\transforms\\4f235adc2bd93ed98f0311445736cb47\\transformed\\play-services-measurement-sdk-22.4.0-runtime.jar;C:\\Users\\Admin\\.gradle\\caches\\8.11.1\\transforms\\2bec5e481befd724d0c80062747c985f\\transformed\\credentials-1.2.0-rc01-runtime.jar;C:\\Users\\Admin\\.gradle\\caches\\8.11.1\\transforms\\c984f82a0ca2da242f9c966d0435612d\\transformed\\credentials-play-services-auth-1.2.0-rc01-runtime.jar;C:\\Users\\Admin\\.gradle\\caches\\8.11.1\\transforms\\61c3624e2ce8bc9552f5b4edfc47ae43\\transformed\\play-services-auth-20.7.0-runtime.jar;C:\\Users\\Admin\\.gradle\\caches\\8.11.1\\transforms\\b10a81abc6d97856322fd15adeb35b99\\transformed\\play-services-auth-api-phone-18.0.2-runtime.jar;C:\\Users\\Admin\\.gradle\\caches\\8.11.1\\transforms\\fed2605b353d8fbc0ea96e5cc9092fc3\\transformed\\recaptcha-18.6.1-runtime.jar;C:\\Users\\Admin\\.gradle\\caches\\8.11.1\\transforms\\a6eb352a2a10205b40eb576460b9d825\\transformed\\integrity-1.3.0-runtime.jar;C:\\Users\\Admin\\.gradle\\caches\\8.11.1\\transforms\\a8276a6a0d47b979cdc6eb8004d611d4\\transformed\\firebase-appcheck-interop-17.0.0-runtime.jar;C:\\Users\\Admin\\.gradle\\caches\\8.11.1\\transforms\\8bd6fc3700cd1edd418a7116e3454f11\\transformed\\firebase-auth-interop-20.0.0-runtime.jar;C:\\Users\\Admin\\.gradle\\caches\\8.11.1\\transforms\\675b6b98525b5ecd80f3d9a16890668d\\transformed\\firebase-installations-18.0.0-runtime.jar;C:\\Users\\Admin\\.gradle\\caches\\8.11.1\\transforms\\2ab1b70e5051515cbbdb4ec9e5167993\\transformed\\firebase-common-ktx-21.0.0-runtime.jar;C:\\Users\\Admin\\.gradle\\caches\\8.11.1\\transforms\\d7a938481703e3bd9e5c54d1763498ee\\transformed\\firebase-common-21.0.0-runtime.jar;C:\\Users\\Admin\\.gradle\\caches\\8.11.1\\transforms\\14b0715eb40f9aa64a262c44d7afdf59\\transformed\\firebase-iid-interop-17.1.0-runtime.jar;C:\\Users\\Admin\\.gradle\\caches\\8.11.1\\transforms\\6335a4bfacf6c461f0e87fdf4669dc79\\transformed\\play-services-cloud-messaging-17.2.0-runtime.jar;C:\\Users\\Admin\\.gradle\\caches\\8.11.1\\transforms\\5e0c87a1d4b40a639b4768deafbc4a78\\transformed\\play-services-measurement-impl-22.4.0-runtime.jar;C:\\Users\\Admin\\.gradle\\caches\\8.11.1\\transforms\\021aa27191bde8e8738c3682592a79ee\\transformed\\play-services-fido-20.1.0-runtime.jar;C:\\Users\\Admin\\.gradle\\caches\\8.11.1\\transforms\\6652f9a94109167488c9af9daefc8a9a\\transformed\\emoji2-views-helper-1.3.0-runtime.jar;C:\\Users\\Admin\\.gradle\\caches\\8.11.1\\transforms\\40e158868771b225396aae4165edf09e\\transformed\\emoji2-1.3.0-runtime.jar;C:\\Users\\Admin\\.gradle\\caches\\8.11.1\\transforms\\bdaec2f56b67459a88a259897089279d\\transformed\\drawerlayout-1.1.1-runtime.jar;C:\\Users\\Admin\\.gradle\\caches\\8.11.1\\transforms\\93e002138e4d827eccda8992ee4fb889\\transformed\\coordinatorlayout-1.1.0-runtime.jar;C:\\Users\\Admin\\.gradle\\caches\\8.11.1\\transforms\\314eca6942baa26ae95b3ac1081c0518\\transformed\\transition-1.5.0-runtime.jar;C:\\Users\\Admin\\.gradle\\caches\\8.11.1\\transforms\\ac3fc64adbd7bc8dadcab4b0757b4183\\transformed\\dynamicanimation-1.0.0-runtime.jar;C:\\Users\\Admin\\.gradle\\caches\\8.11.1\\transforms\\3caa80a92695dcf46ec1322fbe099f11\\transformed\\vectordrawable-animated-1.1.0-runtime.jar;C:\\Users\\Admin\\.gradle\\caches\\8.11.1\\transforms\\c140ee6b703caf08a5daaa218bac3d31\\transformed\\vectordrawable-1.1.0-runtime.jar;C:\\Users\\Admin\\.gradle\\caches\\8.11.1\\transforms\\6db32949f3896990eb4c4953da290b3d\\transformed\\browser-1.4.0-runtime.jar;C:\\Users\\Admin\\.gradle\\caches\\8.11.1\\transforms\\cae9a71c27c30368e48ea65957547d7b\\transformed\\play-services-stats-17.0.2-runtime.jar;C:\\Users\\Admin\\.gradle\\caches\\8.11.1\\transforms\\b6b36cc661f62222ab2f5fbda206a74e\\transformed\\legacy-support-core-utils-1.0.0-runtime.jar;C:\\Users\\Admin\\.gradle\\caches\\8.11.1\\transforms\\54c2f87a66d8aafc6e83a2dfc77c5be1\\transformed\\loader-1.0.0-runtime.jar;C:\\Users\\Admin\\.gradle\\caches\\8.11.1\\transforms\\1ba918604cc344badc191808677b48e7\\transformed\\viewpager-1.0.0-runtime.jar;C:\\Users\\Admin\\.gradle\\caches\\8.11.1\\transforms\\6e75aea30a4773518c7a5fca082cd989\\transformed\\recyclerview-1.1.0-runtime.jar;C:\\Users\\Admin\\.gradle\\caches\\8.11.1\\transforms\\d7ba99e25ab2605d374c0b5830a9ee89\\transformed\\customview-1.1.0-runtime.jar;C:\\Users\\Admin\\.gradle\\caches\\8.11.1\\transforms\\db541d2790d3157883b1e0be88b72ca7\\transformed\\play-services-auth-base-18.0.4-runtime.jar;C:\\Users\\Admin\\.gradle\\caches\\8.11.1\\transforms\\b0841d365451f4ce6fb7a5034a263438\\transformed\\play-services-base-18.5.0-runtime.jar;C:\\Users\\Admin\\.gradle\\caches\\8.11.1\\transforms\\1f7f4d35f95940d08d7a741c26565adc\\transformed\\core-1.16.0-runtime.jar;C:\\Users\\Admin\\.gradle\\caches\\8.11.1\\transforms\\d29e12b3c408b700e3c6a73606382383\\transformed\\lifecycle-livedata-2.6.2-runtime.jar;C:\\Users\\Admin\\.gradle\\caches\\8.11.1\\transforms\\0fe98aa0ec83d324d8c3801585bc9828\\transformed\\lifecycle-viewmodel-2.6.2-runtime.jar;C:\\Users\\Admin\\.gradle\\caches\\8.11.1\\transforms\\4cd4edc46afcf1935b0cf2ad9a8f266e\\transformed\\lifecycle-process-2.6.2-runtime.jar;C:\\Users\\Admin\\.gradle\\caches\\8.11.1\\transforms\\c33ca13d2c7499ce5fbbb650a120f2df\\transformed\\lifecycle-livedata-core-2.6.2-runtime.jar;C:\\Users\\Admin\\.gradle\\caches\\8.11.1\\transforms\\8564424c41e6a3669efecc54c34b8994\\transformed\\lifecycle-runtime-2.6.2-runtime.jar;C:\\Users\\Admin\\.gradle\\caches\\8.11.1\\transforms\\b05e7d602c2fb459138816b4c1bbbafe\\transformed\\lifecycle-viewmodel-savedstate-2.6.2-runtime.jar;C:\\Users\\Admin\\.gradle\\caches\\8.11.1\\transforms\\e8f1a5b041eedb09bdec0140ad331303\\transformed\\savedstate-1.2.1-runtime.jar;C:\\Users\\Admin\\.gradle\\caches\\modules-2\\files-2.1\\androidx.lifecycle\\lifecycle-common\\2.6.2\\10f354fdb64868baecd67128560c5a0d6312c495\\lifecycle-common-2.6.2.jar;C:\\Users\\Admin\\.gradle\\caches\\modules-2\\files-2.1\\org.jetbrains.kotlinx\\kotlinx-coroutines-android\\1.7.3\\38d9cad3a0b03a10453b56577984bdeb48edeed5\\kotlinx-coroutines-android-1.7.3.jar;C:\\Users\\Admin\\.gradle\\caches\\8.11.1\\transforms\\4b70ab86ca724a597fa04f59521f2181\\transformed\\ads-adservices-java-1.1.0-beta11-runtime.jar;C:\\Users\\Admin\\.gradle\\caches\\8.11.1\\transforms\\4df9c1a20603042d3df84825a360cf17\\transformed\\ads-adservices-1.1.0-beta11-runtime.jar;C:\\Users\\Admin\\.gradle\\caches\\modules-2\\files-2.1\\org.jetbrains.kotlinx\\kotlinx-coroutines-core-jvm\\1.7.3\\2b09627576f0989a436a00a4a54b55fa5026fb86\\kotlinx-coroutines-core-jvm-1.7.3.jar;C:\\Users\\Admin\\.gradle\\caches\\modules-2\\files-2.1\\org.jetbrains.kotlinx\\kotlinx-coroutines-play-services\\1.7.3\\7087d47913cfb0062c9909dacbfc78fe44c5ecff\\kotlinx-coroutines-play-services-1.7.3.jar;C:\\Users\\Admin\\.gradle\\caches\\8.11.1\\transforms\\39c927a4477a2103293b40c1c9119e96\\transformed\\firebase-installations-interop-17.1.1-runtime.jar;C:\\Users\\Admin\\.gradle\\caches\\8.11.1\\transforms\\47ed94e8ce17d3d057e6267fdead7594\\transformed\\play-services-tasks-18.2.0-runtime.jar;C:\\Users\\Admin\\.gradle\\caches\\8.11.1\\transforms\\72f7090e0722bf52f65b5ebb7a0be6fa\\transformed\\firebase-measurement-connector-19.0.0-runtime.jar;C:\\Users\\Admin\\.gradle\\caches\\8.11.1\\transforms\\5187302a7339e82f9e4917d9429eda59\\transformed\\play-services-ads-identifier-18.0.0-runtime.jar;C:\\Users\\Admin\\.gradle\\caches\\8.11.1\\transforms\\b11e645c8c38f81c55305c495f9a7742\\transformed\\play-services-measurement-sdk-api-22.4.0-runtime.jar;C:\\Users\\Admin\\.gradle\\caches\\8.11.1\\transforms\\ef0fcc834c38ac489881dffb262ede12\\transformed\\play-services-measurement-base-22.4.0-runtime.jar;C:\\Users\\Admin\\.gradle\\caches\\8.11.1\\transforms\\3a11601912c9cb27e643ea80827ed8de\\transformed\\play-services-basement-18.5.0-runtime.jar;C:\\Users\\Admin\\.gradle\\caches\\8.11.1\\transforms\\70ebc7a3bfbd9a2336fbb5ab9e966224\\transformed\\fragment-1.5.4-runtime.jar;C:\\Users\\Admin\\.gradle\\caches\\8.11.1\\transforms\\b2dbc091bd4ad7450aabe38296e8f4e2\\transformed\\activity-1.10.1-runtime.jar;C:\\Users\\Admin\\.gradle\\caches\\8.11.1\\transforms\\5d3e0223f6b5d3c6db6f62f991c49604\\transformed\\core-ktx-1.16.0-runtime.jar;C:\\Users\\Admin\\.gradle\\caches\\8.11.1\\transforms\\c926b02d8bbe14b5752db9b8bbae956d\\transformed\\core-viewtree-1.0.0-runtime.jar;C:\\Users\\Admin\\.gradle\\caches\\8.11.1\\transforms\\f28ae5c8ce7dce7ceb65c8445d0b8aac\\transformed\\cursoradapter-1.0.0-runtime.jar;C:\\Users\\Admin\\.gradle\\caches\\modules-2\\files-2.1\\androidx.resourceinspection\\resourceinspection-annotation\\1.0.1\\8c21f8ff5d96d5d52c948707f7e4d6ca6773feef\\resourceinspection-annotation-1.0.1.jar;C:\\Users\\Admin\\.gradle\\caches\\8.11.1\\transforms\\2ada21f6566df17a733a0103b44bbf0c\\transformed\\cardview-1.0.0-runtime.jar;C:\\Users\\Admin\\.gradle\\caches\\8.11.1\\transforms\\4d94959715141ebefdc92210202b7960\\transformed\\profileinstaller-1.4.0-runtime.jar;C:\\Users\\Admin\\.gradle\\caches\\modules-2\\files-2.1\\androidx.constraintlayout\\constraintlayout-core\\1.1.1\\f7ab6170b99b9421bd4942846426ff820b552f7d\\constraintlayout-core-1.1.1.jar;C:\\Users\\Admin\\.gradle\\caches\\8.11.1\\transforms\\f1fd5041490c5d885dca6ce4bbc795af\\transformed\\localbroadcastmanager-1.0.0-runtime.jar;C:\\Users\\Admin\\.gradle\\caches\\8.11.1\\transforms\\4a2c58d96805bb340725919f5ce50583\\transformed\\firebase-components-18.0.0-runtime.jar;C:\\Users\\Admin\\.gradle\\caches\\8.11.1\\transforms\\ea78b74bc0b224cebad638d54b574ce6\\transformed\\firebase-datatransport-18.2.0-runtime.jar;C:\\Users\\Admin\\.gradle\\caches\\8.11.1\\transforms\\2f08d1f97352f883073cdc35da3cdc75\\transformed\\transport-backend-cct-3.1.9-runtime.jar;C:\\Users\\Admin\\.gradle\\caches\\8.11.1\\transforms\\9295aff98e533619b5613d36f7dec050\\transformed\\firebase-encoders-json-18.0.0-runtime.jar;C:\\Users\\Admin\\.gradle\\caches\\8.11.1\\transforms\\f3d9d906ea7bba89b60e2f07e074e213\\transformed\\transport-runtime-3.1.9-runtime.jar;C:\\Users\\Admin\\.gradle\\caches\\modules-2\\files-2.1\\com.google.firebase\\firebase-encoders-proto\\16.0.0\\a42d5fd83b96ae7b73a8617d29c94703e18c9992\\firebase-encoders-proto-16.0.0.jar;C:\\Users\\Admin\\.gradle\\caches\\8.11.1\\transforms\\b84808e0a61ba4440e3412da25317d1b\\transformed\\transport-api-3.1.0-runtime.jar;C:\\Users\\Admin\\.gradle\\caches\\modules-2\\files-2.1\\com.google.firebase\\firebase-encoders\\17.0.0\\26f52dc549c42575b155f8c720e84059ee600a85\\firebase-encoders-17.0.0.jar;C:\\Users\\Admin\\.gradle\\caches\\8.11.1\\transforms\\2713b3a7e772c2893efe7b59a7479178\\transformed\\startup-runtime-1.1.1-runtime.jar;C:\\Users\\Admin\\.gradle\\caches\\8.11.1\\transforms\\dfffb826e70af6d517418b1713289578\\transformed\\tracing-1.2.0-runtime.jar;C:\\Users\\Admin\\.gradle\\caches\\8.11.1\\transforms\\24174faafe84fa691fdf323782a3dce4\\transformed\\interpolator-1.0.0-runtime.jar;C:\\Users\\Admin\\.gradle\\caches\\8.11.1\\transforms\\0011e24385248e8bc3b3ef6552eef875\\transformed\\versionedparcelable-1.1.1-runtime.jar;C:\\Users\\Admin\\.gradle\\caches\\modules-2\\files-2.1\\androidx.concurrent\\concurrent-futures\\1.1.0\\50b7fb98350d5f42a4e49704b03278542293ba48\\concurrent-futures-1.1.0.jar;C:\\Users\\Admin\\.gradle\\caches\\modules-2\\files-2.1\\androidx.collection\\collection-jvm\\1.4.2\\bc60b5568a66d765a9fe8e266fd0c6c727e0b50b\\collection-jvm-1.4.2.jar;C:\\Users\\Admin\\.gradle\\caches\\8.11.1\\transforms\\085ad5f1ad54ca8c83a284d89a36da7c\\transformed\\core-runtime-2.2.0-runtime.jar;C:\\Users\\Admin\\.gradle\\caches\\modules-2\\files-2.1\\androidx.arch.core\\core-common\\2.2.0\\5e1b8b81dfd5f52c56a8d53b18ca759c19a301f3\\core-common-2.2.0.jar;C:\\Users\\Admin\\.gradle\\caches\\8.11.1\\transforms\\4db17d89a53818983aeea19e74e46bc4\\transformed\\documentfile-1.0.0-runtime.jar;C:\\Users\\Admin\\.gradle\\caches\\8.11.1\\transforms\\b344d058fe05186c79942e3535743720\\transformed\\print-1.0.0-runtime.jar;C:\\Users\\Admin\\.gradle\\caches\\modules-2\\files-2.1\\androidx.annotation\\annotation-jvm\\1.8.1\\b8a16fe526014b7941c1debaccaf9c5153692dbb\\annotation-jvm-1.8.1.jar;C:\\Users\\Admin\\.gradle\\caches\\8.11.1\\transforms\\0acdeb3ad00d47fdfbceb71639a8a53a\\transformed\\annotation-experimental-1.4.1-runtime.jar;C:\\Users\\Admin\\.gradle\\caches\\8.11.1\\transforms\\f324ca5a7154274f3b0d4fbbc6cd4ba0\\transformed\\googleid-1.1.0-runtime.jar;C:\\Users\\Admin\\.gradle\\caches\\modules-2\\files-2.1\\org.jetbrains.kotlin\\kotlin-stdlib-jdk8\\1.8.22\\b25c86d47d6b962b9cf0f8c3f320c8a10eea3dd1\\kotlin-stdlib-jdk8-1.8.22.jar;C:\\Users\\Admin\\.gradle\\caches\\modules-2\\files-2.1\\org.jetbrains.kotlin\\kotlin-stdlib-jdk7\\1.8.22\\4dabb8248310d833bb6a8b516024a91fd3d275c\\kotlin-stdlib-jdk7-1.8.22.jar;C:\\Users\\Admin\\.gradle\\caches\\modules-2\\files-2.1\\org.jetbrains.kotlin\\kotlin-stdlib\\2.0.21\\618b539767b4899b4660a83006e052b63f1db551\\kotlin-stdlib-2.0.21.jar;C:\\Users\\Admin\\.gradle\\caches\\modules-2\\files-2.1\\org.hamcrest\\hamcrest-core\\1.3\\42a25dc3219429f0e5d060061f71acb49bf010a0\\hamcrest-core-1.3.jar;C:\\Users\\Admin\\.gradle\\caches\\modules-2\\files-2.1\\org.jetbrains\\annotations\\23.0.0\\8cc20c07506ec18e0834947b84a864bfc094484e\\annotations-23.0.0.jar;C:\\Users\\Admin\\.gradle\\caches\\modules-2\\files-2.1\\com.google.guava\\guava\\31.1-android\\9222c47cc3ae890f07f7c961bbb3cb69050fe4aa\\guava-31.1-android.jar;C:\\Users\\Admin\\.gradle\\caches\\modules-2\\files-2.1\\com.google.errorprone\\error_prone_annotations\\2.26.0\\c513866fd91bb46587500440a80fa943e95d12d9\\error_prone_annotations-2.26.0.jar;C:\\Users\\Admin\\.gradle\\caches\\modules-2\\files-2.1\\com.google.firebase\\firebase-annotations\\16.2.0\\ba0806703ca285d03fa9c888b5868f101134a501\\firebase-annotations-16.2.0.jar;C:\\Users\\Admin\\.gradle\\caches\\modules-2\\files-2.1\\org.jspecify\\jspecify\\1.0.0\\7425a601c1c7ec76645a78d22b8c6a627edee507\\jspecify-1.0.0.jar;C:\\Users\\Admin\\.gradle\\caches\\modules-2\\files-2.1\\com.google.guava\\listenablefuture\\9999.0-empty-to-avoid-conflict-with-guava\\b421526c5f297295adef1c886e5246c39d4ac629\\listenablefuture-9999.0-empty-to-avoid-conflict-with-guava.jar;C:\\Users\\Admin\\.gradle\\caches\\8.11.1\\transforms\\6ce1a3495e75e4bc81e85b92b382cb53\\transformed\\core-common-2.0.3-runtime.jar;C:\\Users\\Admin\\.gradle\\caches\\modules-2\\files-2.1\\javax.inject\\javax.inject\\1\\6975da39a7040257bd51d21a231b76c915872d38\\javax.inject-1.jar;C:\\Users\\Admin\\.gradle\\caches\\modules-2\\files-2.1\\com.google.guava\\failureaccess\\1.0.1\\1dcf1de382a0bf95a3d8b0849546c88bac1292c9\\failureaccess-1.0.1.jar;C:\\Users\\Admin\\.gradle\\caches\\modules-2\\files-2.1\\com.google.code.findbugs\\jsr305\\3.0.2\\25ea2e8b0c338a877313bd4672d3fe056ea78f0d\\jsr305-3.0.2.jar;C:\\Users\\Admin\\.gradle\\caches\\modules-2\\files-2.1\\org.checkerframework\\checker-qual\\3.12.0\\d5692f0526415fcc6de94bb5bfbd3afd9dd3b3e5\\checker-qual-3.12.0.jar;C:\\Users\\Admin\\.gradle\\caches\\modules-2\\files-2.1\\com.google.j2objc\\j2objc-annotations\\1.3\\ba035118bc8bac37d7eff77700720999acd9986d\\j2objc-annotations-1.3.jar;D:\\Android\\FoodApp\\app\\build\\intermediates\\java_res\\debug\\processDebugJavaRes\\out;C:\\Users\\Admin\\.gradle\\caches\\8.11.1\\transforms\\55cb0637b09b5c88cdc05982bdbd236c\\transformed\\material-1.12.0\\jars\\classes.jar;C:\\Users\\Admin\\.gradle\\caches\\8.11.1\\transforms\\9cb9786d3ec26fbeb68494a9dc2d8931\\transformed\\constraintlayout-2.2.1\\jars\\classes.jar;C:\\Users\\Admin\\.gradle\\caches\\8.11.1\\transforms\\07556d2013f65101ac473563b5b7acf6\\transformed\\appcompat-resources-1.7.0\\jars\\classes.jar;C:\\Users\\Admin\\.gradle\\caches\\8.11.1\\transforms\\c09dade21a686a2c4a397adb5f67fafc\\transformed\\appcompat-1.7.0\\jars\\classes.jar;C:\\Users\\Admin\\.gradle\\caches\\8.11.1\\transforms\\9b0564a0c8b56370a34b6a765a3b5d51\\transformed\\firebase-auth-23.2.0\\jars\\classes.jar;C:\\Users\\Admin\\.gradle\\caches\\8.11.1\\transforms\\5924a1ed64904e2e7561dc17e18dd209\\transformed\\viewpager2-1.0.0\\jars\\classes.jar;C:\\Users\\Admin\\.gradle\\caches\\8.11.1\\transforms\\b06ca8381b680b3925509ea111b58fc2\\transformed\\firebase-messaging-24.1.1\\jars\\classes.jar;C:\\Users\\Admin\\.gradle\\caches\\8.11.1\\transforms\\29033b5b0820805fff27fe51edc5dbf8\\transformed\\firebase-analytics-22.4.0\\jars\\classes.jar;C:\\Users\\Admin\\.gradle\\caches\\8.11.1\\transforms\\448148284f42b8554a22aaac32713b35\\transformed\\play-services-measurement-22.4.0\\jars\\classes.jar;C:\\Users\\Admin\\.gradle\\caches\\8.11.1\\transforms\\78a6ab12ba0e2def9da9394cef016b17\\transformed\\play-services-measurement-api-22.4.0\\jars\\classes.jar;C:\\Users\\Admin\\.gradle\\caches\\8.11.1\\transforms\\09435c6ac739e8716ddb10f9d3af8836\\transformed\\play-services-measurement-sdk-22.4.0\\jars\\classes.jar;C:\\Users\\Admin\\.gradle\\caches\\8.11.1\\transforms\\2f3cf8c9b9b9d6bfaf7abbc4b32ba4fd\\transformed\\credentials-1.2.0-rc01\\jars\\classes.jar;C:\\Users\\Admin\\.gradle\\caches\\8.11.1\\transforms\\234f02d7ef2ba195d32a858ed364d836\\transformed\\credentials-play-services-auth-1.2.0-rc01\\jars\\classes.jar;C:\\Users\\Admin\\.gradle\\caches\\8.11.1\\transforms\\44eaea6d10f9081d6bb8a59d8aa6c3d0\\transformed\\play-services-auth-20.7.0\\jars\\classes.jar;C:\\Users\\Admin\\.gradle\\caches\\8.11.1\\transforms\\4f7475b682cfa7a9d076a779dd1e3507\\transformed\\play-services-auth-api-phone-18.0.2\\jars\\classes.jar;C:\\Users\\Admin\\.gradle\\caches\\8.11.1\\transforms\\6e9095aeb3687fe1bc4e6974c6e90647\\transformed\\recaptcha-18.6.1\\jars\\classes.jar;C:\\Users\\Admin\\.gradle\\caches\\8.11.1\\transforms\\6f7213af5d5cec6c0437c0cf41e4b1a5\\transformed\\integrity-1.3.0\\jars\\classes.jar;C:\\Users\\Admin\\.gradle\\caches\\8.11.1\\transforms\\950605ef31d4a726d3d82b927c3a9096\\transformed\\firebase-appcheck-interop-17.0.0\\jars\\classes.jar;C:\\Users\\Admin\\.gradle\\caches\\8.11.1\\transforms\\4a522494026c24fb65189bb2f3939205\\transformed\\firebase-auth-interop-20.0.0\\jars\\classes.jar;C:\\Users\\Admin\\.gradle\\caches\\8.11.1\\transforms\\74244562d038ff03c923a21cae7a9088\\transformed\\firebase-installations-18.0.0\\jars\\classes.jar;C:\\Users\\Admin\\.gradle\\caches\\8.11.1\\transforms\\e58da348c6ff8edd4977b64f4aef81a0\\transformed\\firebase-common-ktx-21.0.0\\jars\\classes.jar;C:\\Users\\Admin\\.gradle\\caches\\8.11.1\\transforms\\f3519754e0416019d4b5ddb507ee08b8\\transformed\\firebase-common-21.0.0\\jars\\classes.jar;C:\\Users\\Admin\\.gradle\\caches\\8.11.1\\transforms\\4af93f4eb73d26048386693ec68a004f\\transformed\\firebase-iid-interop-17.1.0\\jars\\classes.jar;C:\\Users\\Admin\\.gradle\\caches\\8.11.1\\transforms\\84cf064a50c914ca66a97f9439457ed4\\transformed\\play-services-cloud-messaging-17.2.0\\jars\\classes.jar;C:\\Users\\Admin\\.gradle\\caches\\8.11.1\\transforms\\b07ae24b41fa460f1e9e14c21068dd0d\\transformed\\play-services-measurement-impl-22.4.0\\jars\\classes.jar;C:\\Users\\Admin\\.gradle\\caches\\8.11.1\\transforms\\1b29cc208abbc88ca2e87d7d592ac00c\\transformed\\play-services-fido-20.1.0\\jars\\classes.jar;C:\\Users\\Admin\\.gradle\\caches\\8.11.1\\transforms\\13682e14ee50f29772805b6cd20c6dd3\\transformed\\emoji2-views-helper-1.3.0\\jars\\classes.jar;C:\\Users\\Admin\\.gradle\\caches\\8.11.1\\transforms\\713ce7245f8ea2bcc3e0c807a0ce4608\\transformed\\emoji2-1.3.0\\jars\\classes.jar;C:\\Users\\Admin\\.gradle\\caches\\8.11.1\\transforms\\713ce7245f8ea2bcc3e0c807a0ce4608\\transformed\\emoji2-1.3.0\\jars\\libs\\repackaged.jar;C:\\Users\\Admin\\.gradle\\caches\\8.11.1\\transforms\\e6bc7c4427dc16e60a35c5b817532cbe\\transformed\\drawerlayout-1.1.1\\jars\\classes.jar;C:\\Users\\Admin\\.gradle\\caches\\8.11.1\\transforms\\3f8e479d3075f174f0b99cd0f97f25a7\\transformed\\coordinatorlayout-1.1.0\\jars\\classes.jar;C:\\Users\\Admin\\.gradle\\caches\\8.11.1\\transforms\\777efa165893f9e14f855b7786110f06\\transformed\\transition-1.5.0\\jars\\classes.jar;C:\\Users\\Admin\\.gradle\\caches\\8.11.1\\transforms\\d318aa88f9692489179291a5498e8a1b\\transformed\\dynamicanimation-1.0.0\\jars\\classes.jar;C:\\Users\\Admin\\.gradle\\caches\\8.11.1\\transforms\\1fb602359dcf138fb2139e572e136dea\\transformed\\vectordrawable-animated-1.1.0\\jars\\classes.jar;C:\\Users\\Admin\\.gradle\\caches\\8.11.1\\transforms\\075db6525ca963a82a7e1aa369372120\\transformed\\vectordrawable-1.1.0\\jars\\classes.jar;C:\\Users\\Admin\\.gradle\\caches\\8.11.1\\transforms\\eba3e308457f12565175b7fab2a3bc09\\transformed\\browser-1.4.0\\jars\\classes.jar;C:\\Users\\Admin\\.gradle\\caches\\8.11.1\\transforms\\65f3509268b0d71f8f7aead0c7a7872f\\transformed\\play-services-stats-17.0.2\\jars\\classes.jar;C:\\Users\\Admin\\.gradle\\caches\\8.11.1\\transforms\\b994dcf5b2bc838e99805e933aa271f9\\transformed\\legacy-support-core-utils-1.0.0\\jars\\classes.jar;C:\\Users\\Admin\\.gradle\\caches\\8.11.1\\transforms\\87e6759a46610955316edeed5f27cb6c\\transformed\\loader-1.0.0\\jars\\classes.jar;C:\\Users\\Admin\\.gradle\\caches\\8.11.1\\transforms\\88ec527514bfe768f3b4a77c1c825ee4\\transformed\\viewpager-1.0.0\\jars\\classes.jar;C:\\Users\\Admin\\.gradle\\caches\\8.11.1\\transforms\\4703e259db96298859394cc3fc8afa72\\transformed\\recyclerview-1.1.0\\jars\\classes.jar;C:\\Users\\Admin\\.gradle\\caches\\8.11.1\\transforms\\04e0ccaa4bfd54e80bdab9262774ffee\\transformed\\customview-1.1.0\\jars\\classes.jar;C:\\Users\\Admin\\.gradle\\caches\\8.11.1\\transforms\\b48cfc73e9fa11ee3f77dc1943a87042\\transformed\\play-services-auth-base-18.0.4\\jars\\classes.jar;C:\\Users\\Admin\\.gradle\\caches\\8.11.1\\transforms\\5b6880179d7c4257559d33b701f23f89\\transformed\\play-services-base-18.5.0\\jars\\classes.jar;C:\\Users\\Admin\\.gradle\\caches\\8.11.1\\transforms\\c95f2c3dabc2e375846a428422926c14\\transformed\\core-1.16.0\\jars\\classes.jar;C:\\Users\\Admin\\.gradle\\caches\\8.11.1\\transforms\\ad369635b59950ef8a689f947251f3c2\\transformed\\lifecycle-livedata-2.6.2\\jars\\classes.jar;C:\\Users\\Admin\\.gradle\\caches\\8.11.1\\transforms\\2a7cd3d56f258fa893b7b0cbd5265c66\\transformed\\lifecycle-viewmodel-2.6.2\\jars\\classes.jar;C:\\Users\\Admin\\.gradle\\caches\\8.11.1\\transforms\\1276d46c1ef9be85dd512c01875fbbc7\\transformed\\lifecycle-process-2.6.2\\jars\\classes.jar;C:\\Users\\Admin\\.gradle\\caches\\8.11.1\\transforms\\69d1978a0e3a55c6b5124785dccc81e8\\transformed\\lifecycle-livedata-core-2.6.2\\jars\\classes.jar;C:\\Users\\Admin\\.gradle\\caches\\8.11.1\\transforms\\d228171852eccdbb71110708b7a13f59\\transformed\\lifecycle-runtime-2.6.2\\jars\\classes.jar;C:\\Users\\Admin\\.gradle\\caches\\8.11.1\\transforms\\2cb759c3ca706ab69152a675973f318b\\transformed\\lifecycle-viewmodel-savedstate-2.6.2\\jars\\classes.jar;C:\\Users\\Admin\\.gradle\\caches\\8.11.1\\transforms\\e809f4a2d74011a20a6985e3d172f5f9\\transformed\\savedstate-1.2.1\\jars\\classes.jar;C:\\Users\\Admin\\.gradle\\caches\\8.11.1\\transforms\\1beec70f1f1909f4971fa84b8932bbe1\\transformed\\ads-adservices-java-1.1.0-beta11\\jars\\classes.jar;C:\\Users\\Admin\\.gradle\\caches\\8.11.1\\transforms\\93f8e39b17be7a700e748bb5e94dbd5e\\transformed\\ads-adservices-1.1.0-beta11\\jars\\classes.jar;C:\\Users\\Admin\\.gradle\\caches\\8.11.1\\transforms\\167930a29f1dbe2a1408b3ecd1d25ba8\\transformed\\firebase-installations-interop-17.1.1\\jars\\classes.jar;C:\\Users\\Admin\\.gradle\\caches\\8.11.1\\transforms\\f0010a83dcff4c2bc52784b9831d968b\\transformed\\play-services-tasks-18.2.0\\jars\\classes.jar;C:\\Users\\Admin\\.gradle\\caches\\8.11.1\\transforms\\0d22e1b930207f0f5ace7c2b1a1a44e3\\transformed\\firebase-measurement-connector-19.0.0\\jars\\classes.jar;C:\\Users\\Admin\\.gradle\\caches\\8.11.1\\transforms\\f5863181265958e79a893f9bbf2e5f61\\transformed\\play-services-ads-identifier-18.0.0\\jars\\classes.jar;C:\\Users\\Admin\\.gradle\\caches\\8.11.1\\transforms\\5d11afc135d7cfe4d66bb083e9759676\\transformed\\play-services-measurement-sdk-api-22.4.0\\jars\\classes.jar;C:\\Users\\Admin\\.gradle\\caches\\8.11.1\\transforms\\a5758c7d82247359708ac16d1790e3e7\\transformed\\play-services-measurement-base-22.4.0\\jars\\classes.jar;C:\\Users\\Admin\\.gradle\\caches\\8.11.1\\transforms\\74ca7e6f4100112483fda3e239aa4ec5\\transformed\\play-services-basement-18.5.0\\jars\\classes.jar;C:\\Users\\Admin\\.gradle\\caches\\8.11.1\\transforms\\98fe2ad4674196b590108de3c1cb7fec\\transformed\\fragment-1.5.4\\jars\\classes.jar;C:\\Users\\Admin\\.gradle\\caches\\8.11.1\\transforms\\3d34a56a6b96189838cb24dc65fa7d89\\transformed\\activity-1.10.1\\jars\\classes.jar;C:\\Users\\Admin\\.gradle\\caches\\8.11.1\\transforms\\7b368ac8b47fe4078422b50e031fe8c1\\transformed\\core-ktx-1.16.0\\jars\\classes.jar;C:\\Users\\Admin\\.gradle\\caches\\8.11.1\\transforms\\91d82f7babe13121b0ea32d56a3aab73\\transformed\\core-viewtree-1.0.0\\jars\\classes.jar;C:\\Users\\Admin\\.gradle\\caches\\8.11.1\\transforms\\55e83abc637a1772465ad219368f5cce\\transformed\\cursoradapter-1.0.0\\jars\\classes.jar;C:\\Users\\Admin\\.gradle\\caches\\8.11.1\\transforms\\d5a01b26c28bcc4611599eb62015d285\\transformed\\cardview-1.0.0\\jars\\classes.jar;C:\\Users\\Admin\\.gradle\\caches\\8.11.1\\transforms\\7df8fd1e5e790b98d1f9534c3388143d\\transformed\\profileinstaller-1.4.0\\jars\\classes.jar;C:\\Users\\Admin\\.gradle\\caches\\8.11.1\\transforms\\e207a94c4fdcf7a0a75f499eb9cf57c1\\transformed\\localbroadcastmanager-1.0.0\\jars\\classes.jar;C:\\Users\\Admin\\.gradle\\caches\\8.11.1\\transforms\\0f5ce0ab7c442dc051ae9ca3ed8d3cbf\\transformed\\firebase-components-18.0.0\\jars\\classes.jar;C:\\Users\\Admin\\.gradle\\caches\\8.11.1\\transforms\\ed7dafe69f74a6a470f574c3617ca770\\transformed\\firebase-datatransport-18.2.0\\jars\\classes.jar;C:\\Users\\Admin\\.gradle\\caches\\8.11.1\\transforms\\a3a88e67591a7b1859bc72efd9829527\\transformed\\transport-backend-cct-3.1.9\\jars\\classes.jar;C:\\Users\\Admin\\.gradle\\caches\\8.11.1\\transforms\\4f89d59eb1d8c20c7b3fce1a111a08fc\\transformed\\firebase-encoders-json-18.0.0\\jars\\classes.jar;C:\\Users\\Admin\\.gradle\\caches\\8.11.1\\transforms\\c2fb4199d06641215accf2b641adc76b\\transformed\\transport-runtime-3.1.9\\jars\\classes.jar;C:\\Users\\Admin\\.gradle\\caches\\8.11.1\\transforms\\31ca457a808f3c0c72261825b32c963d\\transformed\\transport-api-3.1.0\\jars\\classes.jar;C:\\Users\\Admin\\.gradle\\caches\\8.11.1\\transforms\\c8e58bbdba94c22593f7eec223e7ec2e\\transformed\\startup-runtime-1.1.1\\jars\\classes.jar;C:\\Users\\Admin\\.gradle\\caches\\8.11.1\\transforms\\e4a111eca16c1ce476b8bf156af756d8\\transformed\\tracing-1.2.0\\jars\\classes.jar;C:\\Users\\Admin\\.gradle\\caches\\8.11.1\\transforms\\1482474055c4e17d62c3fabe0e6b1ef9\\transformed\\interpolator-1.0.0\\jars\\classes.jar;C:\\Users\\Admin\\.gradle\\caches\\8.11.1\\transforms\\b302b18ad863354b43defe19d89c677d\\transformed\\versionedparcelable-1.1.1\\jars\\classes.jar;C:\\Users\\Admin\\.gradle\\caches\\8.11.1\\transforms\\1c2c8e499cfadf7e60dcdd876b2178df\\transformed\\core-runtime-2.2.0\\jars\\classes.jar;C:\\Users\\Admin\\.gradle\\caches\\8.11.1\\transforms\\5ca7abeacbc2b7c49925d56f9a5e2700\\transformed\\documentfile-1.0.0\\jars\\classes.jar;C:\\Users\\Admin\\.gradle\\caches\\8.11.1\\transforms\\aff3648e84dddac2c5f9cb8f7dcd916d\\transformed\\print-1.0.0\\jars\\classes.jar;C:\\Users\\Admin\\.gradle\\caches\\8.11.1\\transforms\\cf6f7fe2160e01adb8e501f70c1884fb\\transformed\\annotation-experimental-1.4.1\\jars\\classes.jar;C:\\Users\\Admin\\.gradle\\caches\\8.11.1\\transforms\\30fb489658a110aae74e46553a5e3439\\transformed\\googleid-1.1.0\\jars\\classes.jar;C:\\Users\\Admin\\.gradle\\caches\\8.11.1\\transforms\\b6c82a7392af4619b3b9ea0764c88ddd\\transformed\\core-common-2.0.3\\jars\\classes.jar;D:\\Android\\FoodApp\\app\\build\\intermediates\\compile_and_runtime_not_namespaced_r_class_jar\\debug\\processDebugResources\\R.jar;C:\\Users\\Admin\\.gradle\\caches\\8.11.1\\transforms\\e6c4582752e124e672945ebd90eba118\\transformed\\android.jar
Launcher Type: SUN_STANDARD

[Global flags]
     intx CICompilerCount                          = 3                                         {product} {ergonomic}
     uint ConcGCThreads                            = 1                                         {product} {ergonomic}
     uint G1ConcRefinementThreads                  = 4                                         {product} {ergonomic}
   size_t G1HeapRegionSize                         = 1048576                                   {product} {ergonomic}
    uintx GCDrainStackTargetSize                   = 64                                        {product} {ergonomic}
   size_t InitialHeapSize                          = 268435456                                 {product} {ergonomic}
   size_t MarkStackSize                            = 4194304                                   {product} {ergonomic}
   size_t MaxHeapSize                              = 536870912                                 {product} {command line}
   size_t MinHeapDeltaBytes                        = 1048576                                   {product} {ergonomic}
   size_t MinHeapSize                              = 8388608                                   {product} {ergonomic}
    uintx NonNMethodCodeHeapSize                   = 5832780                                {pd product} {ergonomic}
    uintx NonProfiledCodeHeapSize                  = 122912730                              {pd product} {ergonomic}
    uintx ProfiledCodeHeapSize                     = 122912730                              {pd product} {ergonomic}
    uintx ReservedCodeCacheSize                    = 251658240                              {pd product} {ergonomic}
     bool SegmentedCodeCache                       = true                                      {product} {ergonomic}
   size_t SoftMaxHeapSize                          = 536870912                              {manageable} {ergonomic}
     bool UseCompressedOops                        = true                           {product lp64_product} {ergonomic}
     bool UseG1GC                                  = true                                      {product} {ergonomic}
     bool UseLargePagesIndividualAllocation        = false                                  {pd product} {ergonomic}

Logging:
Log output configuration:
 #0: stdout all=warning uptime,level,tags foldmultilines=false
 #1: stderr all=off uptime,level,tags foldmultilines=false

Environment Variables:
PATH=C:\Windows\system32;C:\Windows;C:\Windows\System32\Wbem;C:\Windows\System32\WindowsPowerShell\v1.0\;C:\Windows\System32\OpenSSH\;C:\Program Files\Git\cmd;C:\Program Files\Microsoft SQL Server\150\Tools\Binn\;C:\Program Files\Microsoft SQL Server\Client SDK\ODBC\170\Tools\Binn\;C:\Program Files\dotnet\;C:\Program Files (x86)\Windows Kits\10\Windows Performance Toolkit\;C:\Program Files (x86)\Microsoft SQL Server\160\Tools\Binn\;C:\Program Files\Microsoft SQL Server\160\Tools\Binn\;C:\Program Files\Microsoft SQL Server\160\DTS\Binn\;C:\Program Files (x86)\Microsoft SQL Server\160\DTS\Binn\;C:\Users\Admin\AppData\Local\Microsoft\WindowsApps;C:\Users\Admin\.dotnet\tools;C:\Users\Admin\AppData\Local\Programs\Microsoft VS Code\bin
USERNAME=Admin
OS=Windows_NT
PROCESSOR_IDENTIFIER=Intel64 Family 6 Model 142 Stepping 9, GenuineIntel
TMP=C:\Users\Admin\AppData\Local\Temp
TEMP=C:\Users\Admin\AppData\Local\Temp




Periodic native trim disabled

JNI global refs:
JNI global refs: 0, weak refs: 0

JNI global refs memory usage: 0, weak refs: 0

Process memory usage:
Resident Set Size: 10832K (0% of 16669192K total physical memory with 1868560K free physical memory)

OOME stack traces (most recent first):
Classloader memory used:

---------------  S Y S T E M  ---------------

OS:
 Windows 10 , 64 bit Build 19041 (10.0.19041.5678)
OS uptime: 0 days 7:17 hours

CPU: total 4 (initial active 4) (2 cores per cpu, 2 threads per core) family 6 model 142 stepping 9 microcode 0xf0, cx8, cmov, fxsr, ht, mmx, 3dnowpref, sse, sse2, sse3, ssse3, sse4.1, sse4.2, popcnt, lzcnt, tsc, tscinvbit, avx, avx2, aes, erms, clmul, bmi1, bmi2, adx, fma, vzeroupper, clflush, clflushopt, rdtscp, f16c
Processor Information for all 4 processors :
  Max Mhz: 2712, Current Mhz: 2511, Mhz Limit: 2495

Memory: 4k page, system-wide physical 16278M (1822M free)
TotalPageFile size 21373M (AvailPageFile size 10M)
current process WorkingSet (physical memory assigned to process): 10M, peak: 10M
current process commit charge ("private bytes"): 51M, peak: 307M

vm_info: OpenJDK 64-Bit Server VM (21.0.5+-13047016-b750.29) for windows-amd64 JRE (21.0.5+-13047016-b750.29), built on 2025-02-11T21:12:39Z by "builder" with MS VC++ 16.10 / 16.11 (VS2019)

END.
